<?xml version="1.0" encoding="UTF-8"?>
<!-- Generated by org.testng.reporters.JUnitXMLReporter -->
<testsuite hostname="shailendarreddy" ignored="0" name="Test" tests="6" failures="0" timestamp="07 Jan 2020 06:55:03 GMT" time="0.078" errors="0">
  <testcase name="AnushkaShetty" time="0.016" classname="branchbanking.SeleniumTest"/>
  <testcase name="Kajal" time="0.0" classname="branchbanking.SeleniumTest"/>
  <testcase name="AnuSithara" time="0.0" classname="branchbanking.AppiumTest"/>
  <testcase name="RaashiKhanna" time="0.0" classname="branchbanking.AppiumTest"/>
  <testcase name="Jenkins" time="0.0" classname="branchbanking.RestApiTest"/>
  <testcase name="Jira" time="0.0" classname="branchbanking.RestApiTest"/>
</testsuite> <!-- Test -->
