<?xml version="1.0" encoding="UTF-8"?>
<testng-results skipped="0" failed="0" ignored="0" total="6" passed="6">
  <reporter-output>
  </reporter-output>
  <suite name="Suite" duration-ms="78" started-at="2020-01-07T06:55:03Z" finished-at="2020-01-07T06:55:03Z">
    <groups>
    </groups>
    <test name="Test" duration-ms="78" started-at="2020-01-07T06:55:03Z" finished-at="2020-01-07T06:55:03Z">
      <class name="branchbanking.RestApiTest">
        <test-method status="PASS" signature="Jenkins()[pri:0, instance:branchbanking.RestApiTest@3d3fcdb0]" name="Jenkins" duration-ms="0" started-at="2020-01-07T06:55:03Z" finished-at="2020-01-07T06:55:03Z">
          <reporter-output>
          </reporter-output>
        </test-method> <!-- Jenkins -->
        <test-method status="PASS" signature="Jira()[pri:0, instance:branchbanking.RestApiTest@3d3fcdb0]" name="Jira" duration-ms="0" started-at="2020-01-07T06:55:03Z" finished-at="2020-01-07T06:55:03Z">
          <reporter-output>
          </reporter-output>
        </test-method> <!-- Jira -->
      </class> <!-- branchbanking.RestApiTest -->
      <class name="branchbanking.AppiumTest">
        <test-method status="PASS" signature="RaashiKhanna()[pri:0, instance:branchbanking.AppiumTest@6b0c2d26]" name="RaashiKhanna" duration-ms="0" started-at="2020-01-07T06:55:03Z" finished-at="2020-01-07T06:55:03Z">
          <reporter-output>
          </reporter-output>
        </test-method> <!-- RaashiKhanna -->
        <test-method status="PASS" signature="AnuSithara()[pri:0, instance:branchbanking.AppiumTest@6b0c2d26]" name="AnuSithara" duration-ms="0" started-at="2020-01-07T06:55:03Z" finished-at="2020-01-07T06:55:03Z">
          <reporter-output>
          </reporter-output>
        </test-method> <!-- AnuSithara -->
      </class> <!-- branchbanking.AppiumTest -->
      <class name="branchbanking.SeleniumTest">
        <test-method status="PASS" signature="AnushkaShetty()[pri:0, instance:branchbanking.SeleniumTest@1c72da34]" name="AnushkaShetty" duration-ms="16" started-at="2020-01-07T06:55:03Z" finished-at="2020-01-07T06:55:03Z">
          <reporter-output>
          </reporter-output>
        </test-method> <!-- AnushkaShetty -->
        <test-method status="PASS" signature="Kajal()[pri:0, instance:branchbanking.SeleniumTest@1c72da34]" name="Kajal" duration-ms="0" started-at="2020-01-07T06:55:03Z" finished-at="2020-01-07T06:55:03Z">
          <reporter-output>
          </reporter-output>
        </test-method> <!-- Kajal -->
      </class> <!-- branchbanking.SeleniumTest -->
    </test> <!-- Test -->
  </suite> <!-- Suite -->
</testng-results>
